

Started GET "/" for 127.0.0.1 at Tue Mar 29 20:38:58 -0700 2011
  Processing by SharingsController#index as HTML
  [1m[36mSharing Load (0.4ms)[0m  [1mSELECT "sharings".* FROM "sharings" ORDER BY created_at desc[0m
SQLite3::SQLException: no such table: sharings: SELECT "sharings".* FROM "sharings" ORDER BY created_at desc
Completed   in 60ms

ActiveRecord::StatementInvalid (SQLite3::SQLException: no such table: sharings: SELECT "sharings".* FROM "sharings" ORDER BY created_at desc):
  app/controllers/sharings_controller.rb:6:in `index'
  app/controllers/redirect_back.rb:23:in `store_location'

Rendered /Users/jaredcosulich/.rvm/gems/ruby-1.8.7-p299@bestthreewords/gems/actionpack-3.0.5/lib/action_dispatch/middleware/templates/rescues/_trace.erb (1.0ms)
Rendered /Users/jaredcosulich/.rvm/gems/ruby-1.8.7-p299@bestthreewords/gems/actionpack-3.0.5/lib/action_dispatch/middleware/templates/rescues/_request_and_response.erb (620.1ms)
Rendered /Users/jaredcosulich/.rvm/gems/ruby-1.8.7-p299@bestthreewords/gems/actionpack-3.0.5/lib/action_dispatch/middleware/templates/rescues/diagnostics.erb within rescues/layout (637.5ms)
  [1m[36mSQL (0.3ms)[0m  [1m SELECT name
 FROM sqlite_master
 WHERE type = 'table' AND NOT name = 'sqlite_sequence'
[0m
  [1m[35mSQL (0.1ms)[0m  select sqlite_version(*)
  [1m[36mSQL (12.8ms)[0m  [1mCREATE TABLE "schema_migrations" ("version" varchar(255) NOT NULL) [0m
  [1m[35mSQL (0.1ms)[0m  PRAGMA index_list("schema_migrations")
  [1m[36mSQL (12.8ms)[0m  [1mCREATE UNIQUE INDEX "unique_schema_migrations" ON "schema_migrations" ("version")[0m
  [1m[35mSQL (0.2ms)[0m   SELECT name
 FROM sqlite_master
 WHERE type = 'table' AND NOT name = 'sqlite_sequence'
  [1m[36mSQL (0.1ms)[0m  [1m SELECT name
 FROM sqlite_master
 WHERE type = 'table' AND NOT name = 'sqlite_sequence'
[0m
  [1m[35mSQL (0.1ms)[0m  SELECT "schema_migrations"."version" FROM "schema_migrations"
Migrating to DeviseCreateUsers (20101105152126)
  [1m[36mSQL (0.5ms)[0m  [1mCREATE TABLE "users" ("id" INTEGER PRIMARY KEY AUTOINCREMENT NOT NULL, "email" varchar(255) DEFAULT '' NOT NULL, "encrypted_password" varchar(128) DEFAULT '' NOT NULL, "reset_password_token" varchar(255), "remember_token" varchar(255), "remember_created_at" datetime, "sign_in_count" integer DEFAULT 0, "current_sign_in_at" datetime, "last_sign_in_at" datetime, "current_sign_in_ip" varchar(255), "last_sign_in_ip" varchar(255), "confirmation_token" varchar(255), "confirmed_at" datetime, "confirmation_sent_at" datetime, "created_at" datetime, "updated_at" datetime) [0m
  [1m[35mSQL (0.0ms)[0m  PRAGMA index_list("users")
  [1m[36mSQL (0.4ms)[0m  [1mCREATE UNIQUE INDEX "index_users_on_email" ON "users" ("email")[0m
  [1m[35mSQL (0.1ms)[0m  PRAGMA index_list("users")
  [1m[36mSQL (0.1ms)[0m  [1mPRAGMA index_info('index_users_on_email')[0m
  [1m[35mSQL (0.2ms)[0m  CREATE UNIQUE INDEX "index_users_on_reset_password_token" ON "users" ("reset_password_token")
  [1m[36mSQL (0.1ms)[0m  [1mINSERT INTO "schema_migrations" ("version") VALUES ('20101105152126')[0m
Migrating to CreateUserTokens (20101106080918)
  [1m[35mSQL (0.4ms)[0m  CREATE TABLE "user_tokens" ("id" INTEGER PRIMARY KEY AUTOINCREMENT NOT NULL, "user_id" integer, "provider" varchar(255), "uid" varchar(255), "token" varchar(255), "secret" varchar(255), "created_at" datetime, "updated_at" datetime) 
  [1m[36mSQL (0.1ms)[0m  [1mINSERT INTO "schema_migrations" ("version") VALUES ('20101106080918')[0m
Migrating to AddMetadataToUser (20110320031947)
  [1m[35mSQL (1.4ms)[0m  ALTER TABLE "users" ADD "name" varchar(255)
  [1m[36mSQL (0.2ms)[0m  [1mALTER TABLE "users" ADD "photo_file_name" varchar(255)[0m
  [1m[35mSQL (0.2ms)[0m  ALTER TABLE "users" ADD "photo_content_type" varchar(255)
  [1m[36mSQL (0.2ms)[0m  [1mALTER TABLE "users" ADD "photo_file_size" integer[0m
  [1m[35mSQL (0.1ms)[0m  INSERT INTO "schema_migrations" ("version") VALUES ('20110320031947')
Migrating to CreateSharings (20110324053313)
  [1m[36mSQL (0.4ms)[0m  [1mCREATE TABLE "sharings" ("id" INTEGER PRIMARY KEY AUTOINCREMENT NOT NULL, "content" varchar(255), "created_at" datetime, "updated_at" datetime) [0m
  [1m[35mSQL (0.1ms)[0m  INSERT INTO "schema_migrations" ("version") VALUES ('20110324053313')
Migrating to AddSlugsToUser (20110325233835)
  [1m[36mSQL (0.5ms)[0m  [1mALTER TABLE "users" ADD "slug" varchar(255)[0m
  [1m[35mSQL (0.1ms)[0m  INSERT INTO "schema_migrations" ("version") VALUES ('20110325233835')
Migrating to AddUsernameToProvider (20110325235418)
  [1m[36mSQL (0.4ms)[0m  [1mALTER TABLE "user_tokens" ADD "nickname" varchar(255)[0m
  [1m[35mSQL (0.1ms)[0m  INSERT INTO "schema_migrations" ("version") VALUES ('20110325235418')
Migrating to AddUserToSharing (20110326070436)
  [1m[36mSQL (0.6ms)[0m  [1mALTER TABLE "sharings" ADD "user_id" integer[0m
  [1m[35mSQL (0.1ms)[0m  INSERT INTO "schema_migrations" ("version") VALUES ('20110326070436')
  [1m[36mSQL (0.2ms)[0m  [1m SELECT name
 FROM sqlite_master
 WHERE type = 'table' AND NOT name = 'sqlite_sequence'
[0m
  [1m[35mSQL (0.1ms)[0m  SELECT "schema_migrations"."version" FROM "schema_migrations"
  [1m[36mSQL (0.1ms)[0m  [1m SELECT name
 FROM sqlite_master
 WHERE type = 'table' AND NOT name = 'sqlite_sequence'
[0m
  [1m[35mSQL (0.0ms)[0m  PRAGMA index_list("sharings")
  [1m[36mSQL (0.0ms)[0m  [1mPRAGMA index_list("user_tokens")[0m
  [1m[35mSQL (0.1ms)[0m  PRAGMA index_list("users")
  [1m[36mSQL (0.1ms)[0m  [1mPRAGMA index_info('index_users_on_reset_password_token')[0m
  [1m[35mSQL (0.1ms)[0m  PRAGMA index_info('index_users_on_email')


Started GET "/" for 127.0.0.1 at Tue Mar 29 20:40:40 -0700 2011
  Processing by SharingsController#index as HTML
  [1m[36mSharing Load (0.5ms)[0m  [1mSELECT "sharings".* FROM "sharings" ORDER BY created_at desc[0m
Rendered devise/shared/_social_unconnected.erb (21.0ms)
Rendered sharings/index.html.erb within layouts/application (36.1ms)
Completed 200 OK in 146ms (Views: 112.4ms | ActiveRecord: 0.5ms)


Started GET "/users/auth/twitter" for 127.0.0.1 at Tue Mar 29 20:45:06 -0700 2011


Started GET "/users/auth/facebook" for 127.0.0.1 at Tue Mar 29 20:45:17 -0700 2011
